	.386
	.model flat, stdcall  ; 32 bit memory model
	option casemap :none  ; case sensitive
	include \masm32\include\io32.inc 
.data
	_mstr1 byte "x=",0
	_mstr2 byte "y=",0
.code

;BEGIN
_main PROC
	PUSH ebp
	MOV ebp,esp
	MOV [esp+8],ebp
	SUB esp,56
	PUSH ebx
	PUSH esi
	PUSH edi

;BEC x !t1
	MOV eax,[ebp+8]
	MOV eax,[eax-4]
	MOV edx,ebp
	SUB edx,20
	MOV [edx],eax

;BEC !t1 x
	MOV eax,[ebp-20]
	MOV edx,[ebp+8]
	SUB edx,4
	MOV [edx],eax

;BEC y !t2
	MOV eax,[ebp+8]
	MOV eax,[eax-8]
	MOV edx,ebp
	SUB edx,24
	MOV [edx],eax

;BEC !t2 y
	MOV eax,[ebp-24]
	MOV edx,[ebp+8]
	SUB edx,8
	MOV [edx],eax

;BEC 1 !t3
	MOV eax,1
	MOV edx,ebp
	SUB edx,28
	MOV [edx],eax

;BEC !t3 x
	MOV eax,[ebp-28]
	MOV edx,[ebp+8]
	SUB edx,4
	MOV [edx],eax

;BEC 2 !t4
	MOV eax,2
	MOV edx,ebp
	SUB edx,32
	MOV [edx],eax

;BEC !t4 x
	MOV eax,[ebp-32]
	MOV edx,[ebp+8]
	SUB edx,4
	MOV [edx],eax

;BEC x !t5
	MOV eax,[ebp+8]
	MOV eax,[eax-4]
	MOV edx,ebp
	SUB edx,36
	MOV [edx],eax

;BEC 3 !t6
	MOV eax,3
	MOV edx,ebp
	SUB edx,40
	MOV [edx],eax

;CALC  0
	MOV eax,[ebp-36]
	MOV edx,[ebp-40]
	ADD eax,edx
	MOV edx,ebp
	SUB edx,44
	MOV [edx],eax

;BEC !t7 x
	MOV eax,[ebp-44]
	MOV edx,[ebp+8]
	SUB edx,4
	MOV [edx],eax

;BEC x !t8
	MOV eax,[ebp+8]
	MOV eax,[eax-4]
	MOV edx,ebp
	SUB edx,48
	MOV [edx],eax

;BEC !t8 y
	MOV eax,[ebp-48]
	MOV edx,[ebp+8]
	SUB edx,8
	MOV [edx],eax

;BEC x !t9
	MOV eax,[ebp+8]
	MOV eax,[eax-4]
	MOV edx,ebp
	SUB edx,52
	MOV [edx],eax

;WRITE
	WriteString _mstr1
	MOV edx,ebp
	SUB edx,52
	WriteSDecDword [edx]

;BEC y !t10
	MOV eax,[ebp+8]
	MOV eax,[eax-8]
	MOV edx,ebp
	SUB edx,56
	MOV [edx],eax

;WRITE
	WriteString _mstr2
	MOV edx,ebp
	SUB edx,56
	WriteSDecDword [edx]

;END
	POP edi
	POP esi
	POP ebx
	ADD esp,56
	POP ebp
	RET
_main ENDP
end _main
